<?xml version="1.0" encoding="UTF-8"?>
<testsuite xmlns:xsi="http://www.w3.org/2001/XMLSchema-instance" xsi:noNamespaceSchemaLocation="https://maven.apache.org/surefire/maven-surefire-plugin/xsd/surefire-test-report.xsd" name="strings.StringsEasyTest" time="0.135" tests="16" errors="0" skipped="0" failures="0">
  <properties>
[...]
</properties>
  <testcase name="testIsAnagram_true{String, String}[1]" classname="strings.StringsEasyTest" time="0.035"/>
  <testcase name="testIsAnagram_true{String, String}[2]" classname="strings.StringsEasyTest" time="0.001"/>
  <testcase name="testIsValidUserName_true{String}[1]" classname="strings.StringsEasyTest" time="0.002"/>
  <testcase name="testIsValidUserName_true{String}[2]" classname="strings.StringsEasyTest" time="0"/>
  <testcase name="testIsValidUserName_true{String}[3]" classname="strings.StringsEasyTest" time="0"/>
  <testcase name="testIsPalindrome_true{String}[1]" classname="strings.StringsEasyTest" time="0"/>
  <testcase name="testIsPalindrome_true{String}[2]" classname="strings.StringsEasyTest" time="0"/>
  <testcase name="testIsPalindrome_true{String}[3]" classname="strings.StringsEasyTest" time="0.001"/>
  <testcase name="testGetSmallestAndLargest" classname="strings.StringsEasyTest" time="0.001"/>
  <testcase name="testIsValidUserName_false{String}[1]" classname="strings.StringsEasyTest" time="0.001"/>
  <testcase name="testIsValidUserName_false{String}[2]" classname="strings.StringsEasyTest" time="0"/>
  <testcase name="testIsValidUserName_false{String}[3]" classname="strings.StringsEasyTest" time="0.004"/>
  <testcase name="testIsPalindrome_false{String}[1]" classname="strings.StringsEasyTest" time="0.004"/>
  <testcase name="testIsPalindrome_false{String}[2]" classname="strings.StringsEasyTest" time="0"/>
  <testcase name="testIsPalindrome_false{String}[3]" classname="strings.StringsEasyTest" time="0"/>
  <testcase name="testIsAnagram_false{String, String}[1]" classname="strings.StringsEasyTest" time="0.001"/>
</testsuite>